C51 COMPILER V9.02   MAIN                                                                  09/27/2019 09:57:41 PAGE 1   


C51 COMPILER V9.02, COMPILATION OF MODULE MAIN
OBJECT MODULE PLACED IN main.OBJ
COMPILER INVOKED BY: F:\Keil\C51\BIN\C51.EXE main.c LARGE BROWSE DEBUG OBJECTEXTEND

line level    source

   1          
   2          #include "bsp.h"
   3          unsigned char  RH_DATA[5];
   4          
   5          void main()
   6          {  
   7   1              BSP_INIT();      //所有器件初始化       
   8   1              LcmClearTXT();
   9   1       //   PutStr(0,0,"温湿度检测系统");
  10   1              while(1) 
  11   1              { 
  12   2                      DS1302_DA_TI();//日期时间
  13   2                      Delay(10);
  14   2                      RH();
  15   2                      PutStr(3,0,SHOW_HT);//温湿度
  16   2              //      LcmClearTXT();
  17   2                      DelayXms(500);
  18   2                      DelayXms(300);
  19   2              //      SEND_SIM900();
  20   2              }       
  21   1      }
  22          
  23          
  24          
  25          


MODULE INFORMATION:   STATIC OVERLAYABLE
   CODE SIZE        =     44    ----
   CONSTANT SIZE    =   ----    ----
   XDATA SIZE       =      5    ----
   PDATA SIZE       =   ----    ----
   DATA SIZE        =   ----    ----
   IDATA SIZE       =   ----    ----
   BIT SIZE         =   ----    ----
END OF MODULE INFORMATION.


C51 COMPILATION COMPLETE.  0 WARNING(S),  0 ERROR(S)
